version https://git-lfs.github.com/spec/v1
oid sha256:5689f3784b04633c9aa2404668b0a34f128e780293da3f6e121745fe4f0efbd0
size 24387
