version https://git-lfs.github.com/spec/v1
oid sha256:308dbbe7e4a8dac96717b6a513754664279bffd5463ff20ff2d9082f08a53962
size 19836
