version https://git-lfs.github.com/spec/v1
oid sha256:f5becfa9f02c097d10dd966da15fb6aaa58b89dc4b3bf773cffec766b3f09037
size 24827
