version https://git-lfs.github.com/spec/v1
oid sha256:89764fe28d219808c35abd33e7f2fc90915005b856c87612a566d094aea777a5
size 23603
