<?xml version="1.0" encoding="UTF-8"?>
<testsuite xmlns:xsi="http://www.w3.org/2001/XMLSchema-instance" xsi:noNamespaceSchemaLocation="https://maven.apache.org/surefire/maven-surefire-plugin/xsd/surefire-test-report-3.0.xsd" version="3.0" name="es.iespuertodelacruz.npm.instituto.repository.AsignaturaRepositoryTest" time="0.086" tests="5" errors="0" skipped="0" failures="0">
  <properties>
    <property name="java.specification.version" value="19"/>
    <property name="sun.cpu.isalist" value="amd64"/>
    <property name="sun.jnu.encoding" value="Cp1252"/>
    <property name="java.class.path" value="E:\2Dam\NauzetPM_AED_PGL\JpaInstituto\target\test-classes;E:\2Dam\NauzetPM_AED_PGL\JpaInstituto\target\classes;C:\Users\Equipo 1\.m2\repository\mysql\mysql-connector-java\8.0.26\mysql-connector-java-8.0.26.jar;C:\Users\Equipo 1\.m2\repository\com\google\protobuf\protobuf-java\3.11.4\protobuf-java-3.11.4.jar;C:\Users\Equipo 1\.m2\repository\com\fasterxml\jackson\core\jackson-databind\2.12.2\jackson-databind-2.12.2.jar;C:\Users\Equipo 1\.m2\repository\com\fasterxml\jackson\core\jackson-annotations\2.12.2\jackson-annotations-2.12.2.jar;C:\Users\Equipo 1\.m2\repository\com\fasterxml\jackson\core\jackson-core\2.12.2\jackson-core-2.12.2.jar;C:\Users\Equipo 1\.m2\repository\org\hibernate\hibernate-core\5.4.3.Final\hibernate-core-5.4.3.Final.jar;C:\Users\Equipo 1\.m2\repository\org\jboss\logging\jboss-logging\3.3.2.Final\jboss-logging-3.3.2.Final.jar;C:\Users\Equipo 1\.m2\repository\org\javassist\javassist\3.24.0-GA\javassist-3.24.0-GA.jar;C:\Users\Equipo 1\.m2\repository\net\bytebuddy\byte-buddy\1.9.10\byte-buddy-1.9.10.jar;C:\Users\Equipo 1\.m2\repository\antlr\antlr\2.7.7\antlr-2.7.7.jar;C:\Users\Equipo 1\.m2\repository\org\jboss\spec\javax\transaction\jboss-transaction-api_1.2_spec\1.1.1.Final\jboss-transaction-api_1.2_spec-1.1.1.Final.jar;C:\Users\Equipo 1\.m2\repository\org\jboss\jandex\2.0.5.Final\jandex-2.0.5.Final.jar;C:\Users\Equipo 1\.m2\repository\com\fasterxml\classmate\1.3.4\classmate-1.3.4.jar;C:\Users\Equipo 1\.m2\repository\javax\activation\javax.activation-api\1.2.0\javax.activation-api-1.2.0.jar;C:\Users\Equipo 1\.m2\repository\org\dom4j\dom4j\2.1.1\dom4j-2.1.1.jar;C:\Users\Equipo 1\.m2\repository\org\hibernate\common\hibernate-commons-annotations\5.1.0.Final\hibernate-commons-annotations-5.1.0.Final.jar;C:\Users\Equipo 1\.m2\repository\javax\xml\bind\jaxb-api\2.3.1\jaxb-api-2.3.1.jar;C:\Users\Equipo 1\.m2\repository\org\glassfish\jaxb\jaxb-runtime\2.3.1\jaxb-runtime-2.3.1.jar;C:\Users\Equipo 1\.m2\repository\org\glassfish\jaxb\txw2\2.3.1\txw2-2.3.1.jar;C:\Users\Equipo 1\.m2\repository\com\sun\istack\istack-commons-runtime\3.0.7\istack-commons-runtime-3.0.7.jar;C:\Users\Equipo 1\.m2\repository\org\jvnet\staxex\stax-ex\1.8\stax-ex-1.8.jar;C:\Users\Equipo 1\.m2\repository\com\sun\xml\fastinfoset\FastInfoset\1.2.15\FastInfoset-1.2.15.jar;C:\Users\Equipo 1\.m2\repository\org\hibernate\hibernate-entitymanager\5.4.3.Final\hibernate-entitymanager-5.4.3.Final.jar;C:\Users\Equipo 1\.m2\repository\javax\persistence\javax.persistence-api\2.2\javax.persistence-api-2.2.jar;C:\Users\Equipo 1\.m2\repository\com\h2database\h2\2.1.214\h2-2.1.214.jar;C:\Users\Equipo 1\.m2\repository\org\junit\jupiter\junit-jupiter-engine\5.8.0-M1\junit-jupiter-engine-5.8.0-M1.jar;C:\Users\Equipo 1\.m2\repository\org\apiguardian\apiguardian-api\1.1.1\apiguardian-api-1.1.1.jar;C:\Users\Equipo 1\.m2\repository\org\junit\platform\junit-platform-engine\1.8.0-M1\junit-platform-engine-1.8.0-M1.jar;C:\Users\Equipo 1\.m2\repository\org\opentest4j\opentest4j\1.2.0\opentest4j-1.2.0.jar;C:\Users\Equipo 1\.m2\repository\org\junit\platform\junit-platform-commons\1.8.0-M1\junit-platform-commons-1.8.0-M1.jar;C:\Users\Equipo 1\.m2\repository\org\junit\jupiter\junit-jupiter-api\5.8.0-M1\junit-jupiter-api-5.8.0-M1.jar;C:\Users\Equipo 1\.m2\repository\org\jetbrains\kotlin\kotlin-stdlib-jdk8\1.4.20\kotlin-stdlib-jdk8-1.4.20.jar;C:\Users\Equipo 1\.m2\repository\org\jetbrains\kotlin\kotlin-stdlib\1.4.20\kotlin-stdlib-1.4.20.jar;C:\Users\Equipo 1\.m2\repository\org\jetbrains\kotlin\kotlin-stdlib-common\1.4.20\kotlin-stdlib-common-1.4.20.jar;C:\Users\Equipo 1\.m2\repository\org\jetbrains\annotations\13.0\annotations-13.0.jar;C:\Users\Equipo 1\.m2\repository\org\jetbrains\kotlin\kotlin-stdlib-jdk7\1.4.20\kotlin-stdlib-jdk7-1.4.20.jar;"/>
    <property name="java.vm.vendor" value="Oracle Corporation"/>
    <property name="sun.arch.data.model" value="64"/>
    <property name="user.variant" value=""/>
    <property name="java.vendor.url" value="https://java.oracle.com/"/>
    <property name="user.timezone" value="Atlantic/Canary"/>
    <property name="os.name" value="Windows 11"/>
    <property name="java.vm.specification.version" value="19"/>
    <property name="sun.java.launcher" value="SUN_STANDARD"/>
    <property name="user.country" value="ES"/>
    <property name="sun.boot.library.path" value="C:\Program Files\Java\jdk-19\bin"/>
    <property name="sun.java.command" value="C:\Users\Equipo 1\AppData\Local\Temp\surefire13826146559031436654\surefirebooter-20231117102251275_3.jar C:\Users\Equipo 1\AppData\Local\Temp\surefire13826146559031436654 2023-11-17T10-22-51_106-jvmRun1 surefire-20231117102251275_1tmp surefire_0-20231117102251275_2tmp"/>
    <property name="jdk.debug" value="release"/>
    <property name="surefire.test.class.path" value="E:\2Dam\NauzetPM_AED_PGL\JpaInstituto\target\test-classes;E:\2Dam\NauzetPM_AED_PGL\JpaInstituto\target\classes;C:\Users\Equipo 1\.m2\repository\mysql\mysql-connector-java\8.0.26\mysql-connector-java-8.0.26.jar;C:\Users\Equipo 1\.m2\repository\com\google\protobuf\protobuf-java\3.11.4\protobuf-java-3.11.4.jar;C:\Users\Equipo 1\.m2\repository\com\fasterxml\jackson\core\jackson-databind\2.12.2\jackson-databind-2.12.2.jar;C:\Users\Equipo 1\.m2\repository\com\fasterxml\jackson\core\jackson-annotations\2.12.2\jackson-annotations-2.12.2.jar;C:\Users\Equipo 1\.m2\repository\com\fasterxml\jackson\core\jackson-core\2.12.2\jackson-core-2.12.2.jar;C:\Users\Equipo 1\.m2\repository\org\hibernate\hibernate-core\5.4.3.Final\hibernate-core-5.4.3.Final.jar;C:\Users\Equipo 1\.m2\repository\org\jboss\logging\jboss-logging\3.3.2.Final\jboss-logging-3.3.2.Final.jar;C:\Users\Equipo 1\.m2\repository\org\javassist\javassist\3.24.0-GA\javassist-3.24.0-GA.jar;C:\Users\Equipo 1\.m2\repository\net\bytebuddy\byte-buddy\1.9.10\byte-buddy-1.9.10.jar;C:\Users\Equipo 1\.m2\repository\antlr\antlr\2.7.7\antlr-2.7.7.jar;C:\Users\Equipo 1\.m2\repository\org\jboss\spec\javax\transaction\jboss-transaction-api_1.2_spec\1.1.1.Final\jboss-transaction-api_1.2_spec-1.1.1.Final.jar;C:\Users\Equipo 1\.m2\repository\org\jboss\jandex\2.0.5.Final\jandex-2.0.5.Final.jar;C:\Users\Equipo 1\.m2\repository\com\fasterxml\classmate\1.3.4\classmate-1.3.4.jar;C:\Users\Equipo 1\.m2\repository\javax\activation\javax.activation-api\1.2.0\javax.activation-api-1.2.0.jar;C:\Users\Equipo 1\.m2\repository\org\dom4j\dom4j\2.1.1\dom4j-2.1.1.jar;C:\Users\Equipo 1\.m2\repository\org\hibernate\common\hibernate-commons-annotations\5.1.0.Final\hibernate-commons-annotations-5.1.0.Final.jar;C:\Users\Equipo 1\.m2\repository\javax\xml\bind\jaxb-api\2.3.1\jaxb-api-2.3.1.jar;C:\Users\Equipo 1\.m2\repository\org\glassfish\jaxb\jaxb-runtime\2.3.1\jaxb-runtime-2.3.1.jar;C:\Users\Equipo 1\.m2\repository\org\glassfish\jaxb\txw2\2.3.1\txw2-2.3.1.jar;C:\Users\Equipo 1\.m2\repository\com\sun\istack\istack-commons-runtime\3.0.7\istack-commons-runtime-3.0.7.jar;C:\Users\Equipo 1\.m2\repository\org\jvnet\staxex\stax-ex\1.8\stax-ex-1.8.jar;C:\Users\Equipo 1\.m2\repository\com\sun\xml\fastinfoset\FastInfoset\1.2.15\FastInfoset-1.2.15.jar;C:\Users\Equipo 1\.m2\repository\org\hibernate\hibernate-entitymanager\5.4.3.Final\hibernate-entitymanager-5.4.3.Final.jar;C:\Users\Equipo 1\.m2\repository\javax\persistence\javax.persistence-api\2.2\javax.persistence-api-2.2.jar;C:\Users\Equipo 1\.m2\repository\com\h2database\h2\2.1.214\h2-2.1.214.jar;C:\Users\Equipo 1\.m2\repository\org\junit\jupiter\junit-jupiter-engine\5.8.0-M1\junit-jupiter-engine-5.8.0-M1.jar;C:\Users\Equipo 1\.m2\repository\org\apiguardian\apiguardian-api\1.1.1\apiguardian-api-1.1.1.jar;C:\Users\Equipo 1\.m2\repository\org\junit\platform\junit-platform-engine\1.8.0-M1\junit-platform-engine-1.8.0-M1.jar;C:\Users\Equipo 1\.m2\repository\org\opentest4j\opentest4j\1.2.0\opentest4j-1.2.0.jar;C:\Users\Equipo 1\.m2\repository\org\junit\platform\junit-platform-commons\1.8.0-M1\junit-platform-commons-1.8.0-M1.jar;C:\Users\Equipo 1\.m2\repository\org\junit\jupiter\junit-jupiter-api\5.8.0-M1\junit-jupiter-api-5.8.0-M1.jar;C:\Users\Equipo 1\.m2\repository\org\jetbrains\kotlin\kotlin-stdlib-jdk8\1.4.20\kotlin-stdlib-jdk8-1.4.20.jar;C:\Users\Equipo 1\.m2\repository\org\jetbrains\kotlin\kotlin-stdlib\1.4.20\kotlin-stdlib-1.4.20.jar;C:\Users\Equipo 1\.m2\repository\org\jetbrains\kotlin\kotlin-stdlib-common\1.4.20\kotlin-stdlib-common-1.4.20.jar;C:\Users\Equipo 1\.m2\repository\org\jetbrains\annotations\13.0\annotations-13.0.jar;C:\Users\Equipo 1\.m2\repository\org\jetbrains\kotlin\kotlin-stdlib-jdk7\1.4.20\kotlin-stdlib-jdk7-1.4.20.jar;"/>
    <property name="sun.cpu.endian" value="little"/>
    <property name="user.home" value="C:\Users\Equipo 1"/>
    <property name="user.language" value="es"/>
    <property name="java.specification.vendor" value="Oracle Corporation"/>
    <property name="java.version.date" value="2023-01-17"/>
    <property name="java.home" value="C:\Program Files\Java\jdk-19"/>
    <property name="file.separator" value="\"/>
    <property name="basedir" value="E:\2Dam\NauzetPM_AED_PGL\JpaInstituto"/>
    <property name="style.color" value="always"/>
    <property name="java.vm.compressedOopsMode" value="32-bit"/>
    <property name="line.separator" value="&#10;"/>
    <property name="java.vm.specification.vendor" value="Oracle Corporation"/>
    <property name="java.specification.name" value="Java Platform API Specification"/>
    <property name="surefire.real.class.path" value="C:\Users\Equipo 1\AppData\Local\Temp\surefire13826146559031436654\surefirebooter-20231117102251275_3.jar"/>
    <property name="user.script" value=""/>
    <property name="sun.management.compiler" value="HotSpot 64-Bit Tiered Compilers"/>
    <property name="java.runtime.version" value="19.0.2+7-44"/>
    <property name="user.name" value="Equipo 1"/>
    <property name="stdout.encoding" value="Cp1252"/>
    <property name="path.separator" value=";"/>
    <property name="os.version" value="10.0"/>
    <property name="java.runtime.name" value="Java(TM) SE Runtime Environment"/>
    <property name="file.encoding" value="UTF-8"/>
    <property name="java.vm.name" value="Java HotSpot(TM) 64-Bit Server VM"/>
    <property name="localRepository" value="C:\Users\Equipo 1\.m2\repository"/>
    <property name="java.vendor.url.bug" value="https://bugreport.java.com/bugreport/"/>
    <property name="java.io.tmpdir" value="C:\Users\EQUIPO~1\AppData\Local\Temp\"/>
    <property name="java.version" value="19.0.2"/>
    <property name="user.dir" value="E:\2Dam\NauzetPM_AED_PGL\JpaInstituto"/>
    <property name="os.arch" value="amd64"/>
    <property name="java.vm.specification.name" value="Java Virtual Machine Specification"/>
    <property name="sun.os.patch.level" value=""/>
    <property name="native.encoding" value="Cp1252"/>
    <property name="java.library.path" value="C:\Program Files\Java\jdk-19\bin;C:\WINDOWS\Sun\Java\bin;C:\WINDOWS\system32;C:\WINDOWS;C:/Program Files/Java/jdk-19/bin/server;C:/Program Files/Java/jdk-19/bin;C:/Users/EQUIPO~1/AppData/Local/Temp/eoiFC7.tmp//plugins/org.eclipse.justj.openjdk.hotspot.jre.minimal.stripped.win32.x86_64_17.0.8.v20230831-1047/jre/bin/server;C:/Users/EQUIPO~1/AppData/Local/Temp/eoiFC7.tmp//plugins/org.eclipse.justj.openjdk.hotspot.jre.minimal.stripped.win32.x86_64_17.0.8.v20230831-1047/jre/bin;C:\Program Files (x86)\Google\Chrome\Application;C:\Python312\Scripts\;C:\Python312\;C:\Program Files\Common Files\Oracle\Java\javapath;C:\Program Files (x86)\Common Files\Oracle\Java\javapath;C:\windows\system32;C:\windows;C:\windows\System32\Wbem;C:\windows\System32\WindowsPowerShell\v1.0\;C:\windows\System32\OpenSSH\;C:\Program Files (x86)\NVIDIA Corporation\PhysX\Common;C:\WINDOWS\system32;C:\WINDOWS;C:\WINDOWS\System32\Wbem;C:\WINDOWS\System32\WindowsPowerShell\v1.0\;C:\WINDOWS\System32\OpenSSH\;C:\Program Files (x86)\dotnet\;C:\Program Files\NVIDIA Corporation\NVIDIA NvDLISR;C:\Program Files\Git\cmd;C:\Users\Equipo 1\AppData\Roaming\nvm;C:\Program Files\nodejs;C:\Program Files\nodejs\;C:\ProgramData\chocolatey\bin;C:\Users\Equipo 1\AppData\Local\Microsoft\WindowsApps;E:\Microsoft VS Code\bin;C:\Users\Equipo 1\AppData\Roaming\nvm;C:\Program Files\nodejs;C:\Users\Equipo 1\AppData\Roaming\npm;C:\xampp\php;C:\Users\Equipo 1\AppData\Local\ComposerSetup\bin;C:\Users\Equipo 1\AppData\Roaming\Composer\vendor\bin;C:\Users\Equipo 1\Downloads;;C:\Users\Equipo 1\Downloads;;."/>
    <property name="java.vm.info" value="mixed mode, sharing"/>
    <property name="stderr.encoding" value="Cp1252"/>
    <property name="java.vendor" value="Oracle Corporation"/>
    <property name="java.vm.version" value="19.0.2+7-44"/>
    <property name="sun.io.unicode.encoding" value="UnicodeLittle"/>
    <property name="java.class.version" value="63.0"/>
  </properties>
  <testcase name="testFindAll" classname="es.iespuertodelacruz.npm.instituto.repository.AsignaturaRepositoryTest" time="0.012">
    <system-out><![CDATA[Hibernate: 
    select
        asignatura0_."id" as id1_2_,
        asignatura0_."curso" as curso2_2_,
        asignatura0_."nombre" as nombre3_2_ 
    from
        "asignaturas" asignatura0_
Hibernate: 
    select
        matriculas0_."idasignatura" as idasigna1_1_0_,
        matriculas0_."idmatricula" as idmatric2_1_0_,
        matricula1_."id" as id1_3_1_,
        matricula1_."dni" as dni3_3_1_,
        matricula1_."year" as year2_3_1_,
        alumno2_."dni" as dni1_0_2_,
        alumno2_."apellidos" as apellido2_0_2_,
        alumno2_."fechanacimiento" as fechanac3_0_2_,
        alumno2_."nombre" as nombre4_0_2_ 
    from
        "asignatura_matricula" matriculas0_ 
    inner join
        "matriculas" matricula1_ 
            on matriculas0_."idmatricula"=matricula1_."id" 
    left outer join
        "alumnos" alumno2_ 
            on matricula1_."dni"=alumno2_."dni" 
    where
        matriculas0_."idasignatura"=?
Hibernate: 
    select
        matriculas0_."idasignatura" as idasigna1_1_0_,
        matriculas0_."idmatricula" as idmatric2_1_0_,
        matricula1_."id" as id1_3_1_,
        matricula1_."dni" as dni3_3_1_,
        matricula1_."year" as year2_3_1_,
        alumno2_."dni" as dni1_0_2_,
        alumno2_."apellidos" as apellido2_0_2_,
        alumno2_."fechanacimiento" as fechanac3_0_2_,
        alumno2_."nombre" as nombre4_0_2_ 
    from
        "asignatura_matricula" matriculas0_ 
    inner join
        "matriculas" matricula1_ 
            on matriculas0_."idmatricula"=matricula1_."id" 
    left outer join
        "alumnos" alumno2_ 
            on matricula1_."dni"=alumno2_."dni" 
    where
        matriculas0_."idasignatura"=?
Hibernate: 
    select
        matriculas0_."idasignatura" as idasigna1_1_0_,
        matriculas0_."idmatricula" as idmatric2_1_0_,
        matricula1_."id" as id1_3_1_,
        matricula1_."dni" as dni3_3_1_,
        matricula1_."year" as year2_3_1_,
        alumno2_."dni" as dni1_0_2_,
        alumno2_."apellidos" as apellido2_0_2_,
        alumno2_."fechanacimiento" as fechanac3_0_2_,
        alumno2_."nombre" as nombre4_0_2_ 
    from
        "asignatura_matricula" matriculas0_ 
    inner join
        "matriculas" matricula1_ 
            on matriculas0_."idmatricula"=matricula1_."id" 
    left outer join
        "alumnos" alumno2_ 
            on matricula1_."dni"=alumno2_."dni" 
    where
        matriculas0_."idasignatura"=?
Hibernate: 
    select
        matriculas0_."idasignatura" as idasigna1_1_0_,
        matriculas0_."idmatricula" as idmatric2_1_0_,
        matricula1_."id" as id1_3_1_,
        matricula1_."dni" as dni3_3_1_,
        matricula1_."year" as year2_3_1_,
        alumno2_."dni" as dni1_0_2_,
        alumno2_."apellidos" as apellido2_0_2_,
        alumno2_."fechanacimiento" as fechanac3_0_2_,
        alumno2_."nombre" as nombre4_0_2_ 
    from
        "asignatura_matricula" matriculas0_ 
    inner join
        "matriculas" matricula1_ 
            on matriculas0_."idmatricula"=matricula1_."id" 
    left outer join
        "alumnos" alumno2_ 
            on matricula1_."dni"=alumno2_."dni" 
    where
        matriculas0_."idasignatura"=?
Hibernate: 
    select
        matriculas0_."idasignatura" as idasigna1_1_0_,
        matriculas0_."idmatricula" as idmatric2_1_0_,
        matricula1_."id" as id1_3_1_,
        matricula1_."dni" as dni3_3_1_,
        matricula1_."year" as year2_3_1_,
        alumno2_."dni" as dni1_0_2_,
        alumno2_."apellidos" as apellido2_0_2_,
        alumno2_."fechanacimiento" as fechanac3_0_2_,
        alumno2_."nombre" as nombre4_0_2_ 
    from
        "asignatura_matricula" matriculas0_ 
    inner join
        "matriculas" matricula1_ 
            on matriculas0_."idmatricula"=matricula1_."id" 
    left outer join
        "alumnos" alumno2_ 
            on matricula1_."dni"=alumno2_."dni" 
    where
        matriculas0_."idasignatura"=?
Hibernate: 
    select
        matriculas0_."idasignatura" as idasigna1_1_0_,
        matriculas0_."idmatricula" as idmatric2_1_0_,
        matricula1_."id" as id1_3_1_,
        matricula1_."dni" as dni3_3_1_,
        matricula1_."year" as year2_3_1_,
        alumno2_."dni" as dni1_0_2_,
        alumno2_."apellidos" as apellido2_0_2_,
        alumno2_."fechanacimiento" as fechanac3_0_2_,
        alumno2_."nombre" as nombre4_0_2_ 
    from
        "asignatura_matricula" matriculas0_ 
    inner join
        "matriculas" matricula1_ 
            on matriculas0_."idmatricula"=matricula1_."id" 
    left outer join
        "alumnos" alumno2_ 
            on matricula1_."dni"=alumno2_."dni" 
    where
        matriculas0_."idasignatura"=?
Hibernate: 
    select
        matriculas0_."idasignatura" as idasigna1_1_0_,
        matriculas0_."idmatricula" as idmatric2_1_0_,
        matricula1_."id" as id1_3_1_,
        matricula1_."dni" as dni3_3_1_,
        matricula1_."year" as year2_3_1_,
        alumno2_."dni" as dni1_0_2_,
        alumno2_."apellidos" as apellido2_0_2_,
        alumno2_."fechanacimiento" as fechanac3_0_2_,
        alumno2_."nombre" as nombre4_0_2_ 
    from
        "asignatura_matricula" matriculas0_ 
    inner join
        "matriculas" matricula1_ 
            on matriculas0_."idmatricula"=matricula1_."id" 
    left outer join
        "alumnos" alumno2_ 
            on matricula1_."dni"=alumno2_."dni" 
    where
        matriculas0_."idasignatura"=?
Hibernate: 
    select
        matriculas0_."idasignatura" as idasigna1_1_0_,
        matriculas0_."idmatricula" as idmatric2_1_0_,
        matricula1_."id" as id1_3_1_,
        matricula1_."dni" as dni3_3_1_,
        matricula1_."year" as year2_3_1_,
        alumno2_."dni" as dni1_0_2_,
        alumno2_."apellidos" as apellido2_0_2_,
        alumno2_."fechanacimiento" as fechanac3_0_2_,
        alumno2_."nombre" as nombre4_0_2_ 
    from
        "asignatura_matricula" matriculas0_ 
    inner join
        "matriculas" matricula1_ 
            on matriculas0_."idmatricula"=matricula1_."id" 
    left outer join
        "alumnos" alumno2_ 
            on matricula1_."dni"=alumno2_."dni" 
    where
        matriculas0_."idasignatura"=?
]]></system-out>
    <system-err><![CDATA[nov 17, 2023 10:22:53 A. M. org.hibernate.jpa.internal.util.LogHelper logPersistenceUnitInformation
INFO: HHH000204: Processing PersistenceUnitInfo [name: TEST]
nov 17, 2023 10:22:53 A. M. org.hibernate.engine.jdbc.connections.internal.DriverManagerConnectionProviderImpl configure
WARN: HHH10001002: Using Hibernate built-in connection pool (not for production use!)
nov 17, 2023 10:22:53 A. M. org.hibernate.engine.jdbc.connections.internal.DriverManagerConnectionProviderImpl buildCreator
INFO: HHH10001005: using driver [org.h2.Driver] at URL [jdbc:h2:mem:test;DB_CLOSE_ON_EXIT=TRUE;DB_CLOSE_DELAY=0;MODE=Mysql;DATABASE_TO_LOWER=TRUE;INIT=RUNSCRIPT FROM 'src/test/resources/instituto.sql';]
nov 17, 2023 10:22:53 A. M. org.hibernate.engine.jdbc.connections.internal.DriverManagerConnectionProviderImpl buildCreator
INFO: HHH10001001: Connection properties: {}
nov 17, 2023 10:22:53 A. M. org.hibernate.engine.jdbc.connections.internal.DriverManagerConnectionProviderImpl buildCreator
INFO: HHH10001003: Autocommit mode: false
nov 17, 2023 10:22:53 A. M. org.hibernate.engine.jdbc.connections.internal.DriverManagerConnectionProviderImpl$PooledConnections <init>
INFO: HHH000115: Hibernate connection pool size: 20 (min=1)
nov 17, 2023 10:22:53 A. M. org.hibernate.dialect.Dialect <init>
INFO: HHH000400: Using dialect: org.hibernate.dialect.H2Dialect
nov 17, 2023 10:22:53 A. M. org.hibernate.engine.transaction.jta.platform.internal.JtaPlatformInitiator initiateService
INFO: HHH000490: Using JtaPlatform implementation: [org.hibernate.engine.transaction.jta.platform.internal.NoJtaPlatform]
]]></system-err>
  </testcase>
  <testcase name="testSave" classname="es.iespuertodelacruz.npm.instituto.repository.AsignaturaRepositoryTest" time="0.007">
    <system-out><![CDATA[Hibernate: 
    insert 
    into
        "asignaturas"
        ("id", "curso", "nombre") 
    values
        (null, ?, ?)
Hibernate: 
    select
        asignatura0_."id" as id1_2_0_,
        asignatura0_."curso" as curso2_2_0_,
        asignatura0_."nombre" as nombre3_2_0_ 
    from
        "asignaturas" asignatura0_ 
    where
        asignatura0_."id"=?
]]></system-out>
  </testcase>
  <testcase name="testFindById" classname="es.iespuertodelacruz.npm.instituto.repository.AsignaturaRepositoryTest" time="0.002">
    <system-out><![CDATA[Hibernate: 
    select
        asignatura0_."id" as id1_2_0_,
        asignatura0_."curso" as curso2_2_0_,
        asignatura0_."nombre" as nombre3_2_0_ 
    from
        "asignaturas" asignatura0_ 
    where
        asignatura0_."id"=?
]]></system-out>
  </testcase>
  <testcase name="testRemove" classname="es.iespuertodelacruz.npm.instituto.repository.AsignaturaRepositoryTest" time="0.004">
    <system-out><![CDATA[Hibernate: 
    select
        asignatura0_."id" as id1_2_0_,
        asignatura0_."curso" as curso2_2_0_,
        asignatura0_."nombre" as nombre3_2_0_ 
    from
        "asignaturas" asignatura0_ 
    where
        asignatura0_."id"=?
Hibernate: 
    select
        matriculas0_."idasignatura" as idasigna1_1_0_,
        matriculas0_."idmatricula" as idmatric2_1_0_,
        matricula1_."id" as id1_3_1_,
        matricula1_."dni" as dni3_3_1_,
        matricula1_."year" as year2_3_1_,
        alumno2_."dni" as dni1_0_2_,
        alumno2_."apellidos" as apellido2_0_2_,
        alumno2_."fechanacimiento" as fechanac3_0_2_,
        alumno2_."nombre" as nombre4_0_2_ 
    from
        "asignatura_matricula" matriculas0_ 
    inner join
        "matriculas" matricula1_ 
            on matriculas0_."idmatricula"=matricula1_."id" 
    left outer join
        "alumnos" alumno2_ 
            on matricula1_."dni"=alumno2_."dni" 
    where
        matriculas0_."idasignatura"=?
Hibernate: 
    delete 
    from
        "asignaturas" 
    where
        "id"=?
Hibernate: 
    select
        asignatura0_."id" as id1_2_0_,
        asignatura0_."curso" as curso2_2_0_,
        asignatura0_."nombre" as nombre3_2_0_ 
    from
        "asignaturas" asignatura0_ 
    where
        asignatura0_."id"=?
]]></system-out>
  </testcase>
  <testcase name="testUpdate" classname="es.iespuertodelacruz.npm.instituto.repository.AsignaturaRepositoryTest" time="0.004">
    <system-out><![CDATA[Hibernate: 
    select
        asignatura0_."id" as id1_2_0_,
        asignatura0_."curso" as curso2_2_0_,
        asignatura0_."nombre" as nombre3_2_0_ 
    from
        "asignaturas" asignatura0_ 
    where
        asignatura0_."id"=?
Hibernate: 
    update
        "asignaturas" 
    set
        "curso"=?,
        "nombre"=? 
    where
        "id"=?
Hibernate: 
    select
        asignatura0_."id" as id1_2_0_,
        asignatura0_."curso" as curso2_2_0_,
        asignatura0_."nombre" as nombre3_2_0_ 
    from
        "asignaturas" asignatura0_ 
    where
        asignatura0_."id"=?
]]></system-out>
  </testcase>
</testsuite>