version https://git-lfs.github.com/spec/v1
oid sha256:54c378350dd42e60b91c83ff28a52c4e38a75272796102a50d31ba32e5c3d6bf
size 24326
