version https://git-lfs.github.com/spec/v1
oid sha256:b9861c33c0c5046abcf5a6eeeac3126f437cd16331d40bdcdc14fa4fecddc3dc
size 19332
